<?xml version="1.0" encoding="UTF-8"?>
<!-- Generated by org.testng.reporters.JUnitReportReporter -->
<testsuite hostname="Y6FY0CN7TN-nagarajans" failures="0" tests="3" name="Com.FunctionExecution.DisabilityCalculatorExecution" time="20.654" errors="0" timestamp="2024-06-11T12:34:40 IST" skipped="0">
  <testcase classname="Com.FunctionExecution.DisabilityCalculatorExecution" name="navigateToDisabilityCalculator" time="20.096"/>
  <testcase classname="Com.FunctionExecution.DisabilityCalculatorExecution" name="validateMonthlyMbe" time="0.122"/>
  <testcase classname="Com.FunctionExecution.DisabilityCalculatorExecution" name="validateSickBankTpf" time="0.436"/>
</testsuite> <!-- Com.FunctionExecution.DisabilityCalculatorExecution -->
