<?xml version="1.0" encoding="UTF-8"?>
<!-- Generated by org.testng.reporters.JUnitReportReporter -->
<testsuite hostname="Y6FY0CN7TN-nagarajans" failures="0" tests="3" name="Com.FunctionExecution.PilotPollingFormExecution" time="22.105" errors="0" timestamp="2024-06-11T12:34:40 IST" skipped="0">
  <testcase classname="Com.FunctionExecution.PilotPollingFormExecution" name="loginToSwapaApp" time="5.058"/>
  <testcase classname="Com.FunctionExecution.PilotPollingFormExecution" name="navigateToPilotPoling" time="15.821"/>
  <testcase classname="Com.FunctionExecution.PilotPollingFormExecution" name="fillPilotPollingForm" time="1.226"/>
</testsuite> <!-- Com.FunctionExecution.PilotPollingFormExecution -->
