<?xml version="1.0" encoding="UTF-8"?>
<!-- Generated by org.testng.reporters.JUnitReportReporter -->
<testsuite hostname="Y6FY0CN7TN-nagarajans" failures="0" tests="3" name="Com.FunctionExecution.DisabilityCalculatorExecution" time="19.717" errors="0" timestamp="2024-06-10T12:46:54 IST" skipped="0">
  <testcase classname="Com.FunctionExecution.DisabilityCalculatorExecution" name="navigateToDisabilityCalculator" time="19.192"/>
  <testcase classname="Com.FunctionExecution.DisabilityCalculatorExecution" name="validateMonthlyMbe" time="0.126"/>
  <testcase classname="Com.FunctionExecution.DisabilityCalculatorExecution" name="validateSickBankTpf" time="0.399"/>
</testsuite> <!-- Com.FunctionExecution.DisabilityCalculatorExecution -->
