<?xml version="1.0" encoding="UTF-8"?>
<!-- Generated by org.testng.reporters.JUnitReportReporter -->
<testsuite hostname="Y6FY0CN7TN-nagarajans" failures="0" tests="3" name="Com.FunctionExecution.PilotPollingFormExecution" time="20.260" errors="0" timestamp="2024-06-10T12:46:54 IST" skipped="0">
  <testcase classname="Com.FunctionExecution.PilotPollingFormExecution" name="loginToSwapaApp" time="4.059"/>
  <testcase classname="Com.FunctionExecution.PilotPollingFormExecution" name="navigateToPilotPoling" time="15.060"/>
  <testcase classname="Com.FunctionExecution.PilotPollingFormExecution" name="fillPilotPollingForm" time="1.141"/>
</testsuite> <!-- Com.FunctionExecution.PilotPollingFormExecution -->
